#
# There is insufficient memory for the Java Runtime Environment to continue.
# Native memory allocation (malloc) failed to allocate 1187376 bytes for Chunk::new
# Possible reasons:
#   The system is out of physical RAM or swap space
#   In 32 bit mode, the process size limit was hit
# Possible solutions:
#   Reduce memory load on the system
#   Increase physical memory or swap space
#   Check if swap backing store is full
#   Use 64 bit Java on a 64 bit OS
#   Decrease Java heap size (-Xmx/-Xms)
#   Decrease number of Java threads
#   Decrease Java thread stack sizes (-Xss)
#   Set larger code cache with -XX:ReservedCodeCacheSize=
# This output file may be truncated or incomplete.
#
#  Out of Memory Error (allocation.cpp:390), pid=15480, tid=0x00000000000015c4
#
# JRE version: OpenJDK Runtime Environment (8.0_152-b01) (build 1.8.0_152-release-1248-b01)
# Java VM: OpenJDK 64-Bit Server VM (25.152-b01 mixed mode windows-amd64 compressed oops)
# Failed to write core dump. Minidumps are not enabled by default on client versions of Windows
#

---------------  T H R E A D  ---------------

Current thread (0x000000001675d800):  JavaThread "C2 CompilerThread1" daemon [_thread_in_native, id=5572, stack(0x0000000017eb0000,0x0000000017fb0000)]

Stack: [0x0000000017eb0000,0x0000000017fb0000]
[error occurred during error reporting (printing stack bounds), id 0xc0000005]

Native frames: (J=compiled Java code, j=interpreted, Vv=VM code, C=native code)


Current CompileTask:
C2:2212142 35666       4       com.android.tools.r8.ir.optimize.CodeRewriter::collapsTrivialGotos (289 bytes)


---------------  P R O C E S S  ---------------

Java Threads: ( => current thread )
  0x000000001b119000 JavaThread "Cache worker for Java compile cache (C:\Users\shivam\Desktop\youPoll\.gradle\4.10.1\javaCompile)" [_thread_blocked, id=6644, stack(0x0000000046090000,0x0000000046190000)]
  0x000000001bcae800 JavaThread "stdout" daemon [_thread_in_native, id=13368, stack(0x0000000045f90000,0x0000000046090000)]
  0x000000001bcad800 JavaThread "stderr" daemon [_thread_in_native, id=12408, stack(0x0000000045e90000,0x0000000045f90000)]
  0x000000001bcad000 JavaThread "stdout" daemon [_thread_in_native, id=15308, stack(0x0000000045d90000,0x0000000045e90000)]
  0x000000001bcb0000 JavaThread "stderr" daemon [_thread_in_native, id=13704, stack(0x0000000045c90000,0x0000000045d90000)]
  0x000000001bcb0800 JavaThread "stdout" daemon [_thread_in_native, id=8208, stack(0x0000000045b90000,0x0000000045c90000)]
  0x000000001bc9e000 JavaThread "stderr" daemon [_thread_in_native, id=14000, stack(0x0000000045a90000,0x0000000045b90000)]
  0x000000001bc9d000 JavaThread "pool-44-thread-1" [_thread_blocked, id=14448, stack(0x0000000045990000,0x0000000045a90000)]
  0x000000001bca0000 JavaThread "Cache worker for Build Output Cleanup Cache (C:\Users\shivam\Desktop\youPoll\.gradle\buildOutputCleanup)" [_thread_blocked, id=14848, stack(0x0000000045590000,0x0000000045690000)]
  0x000000001bc94000 JavaThread "Cache worker for task history cache (C:\Users\shivam\Desktop\youPoll\.gradle\4.10.1\taskHistory)" [_thread_blocked, id=15716, stack(0x0000000045490000,0x0000000045590000)]
  0x000000001bc9b000 JavaThread "Task worker for ':' Thread 3" [_thread_blocked, id=10900, stack(0x0000000045390000,0x0000000045490000)]
  0x000000001bc9a000 JavaThread "Task worker for ':' Thread 2" [_thread_blocked, id=232, stack(0x0000000045290000,0x0000000045390000)]
  0x000000001bc98000 JavaThread "Task worker for ':'" [_thread_in_Java, id=1284, stack(0x0000000045190000,0x0000000045290000)]
  0x000000001bc96800 JavaThread "Cache worker for file content cache (C:\Users\shivam\Desktop\youPoll\.gradle\4.10.1\fileContent)" [_thread_blocked, id=5632, stack(0x0000000045090000,0x0000000045190000)]
  0x000000001de4b000 JavaThread "Build operations Thread 4" [_thread_blocked, id=8336, stack(0x0000000044f90000,0x0000000045090000)]
  0x000000001de49800 JavaThread "Build operations Thread 3" [_thread_blocked, id=10312, stack(0x0000000044e90000,0x0000000044f90000)]
  0x000000001de48800 JavaThread "Build operations Thread 2" [_thread_blocked, id=6476, stack(0x0000000044d90000,0x0000000044e90000)]
  0x000000001de48000 JavaThread "Build operations" [_thread_blocked, id=6360, stack(0x0000000044c90000,0x0000000044d90000)]
  0x000000001de40800 JavaThread "Cache worker for cache directory md-rule (C:\Users\shivam\.gradle\caches\4.10.1\md-rule)" [_thread_blocked, id=13120, stack(0x0000000044b90000,0x0000000044c90000)]
  0x000000001de47000 JavaThread "Cache worker for cache directory md-supplier (C:\Users\shivam\.gradle\caches\4.10.1\md-supplier)" [_thread_blocked, id=9328, stack(0x0000000044a90000,0x0000000044b90000)]
  0x000000001de46800 JavaThread "Cache worker for file hash cache (C:\Users\shivam\Desktop\youPoll\.gradle\4.10.1\fileHashes)" [_thread_blocked, id=10076, stack(0x0000000044990000,0x0000000044a90000)]
  0x000000001de44000 JavaThread "Asynchronous log dispatcher for DefaultDaemonConnection: socket connection from /127.0.0.1:14186 to /127.0.0.1:14846" [_thread_blocked, id=11444, stack(0x0000000044790000,0x0000000044890000)]
  0x000000001de3f800 JavaThread "Cancel handler" [_thread_blocked, id=14200, stack(0x0000000044690000,0x0000000044790000)]
  0x000000001de42000 JavaThread "Handler for socket connection from /127.0.0.1:14186 to /127.0.0.1:14846" [_thread_in_native, id=11132, stack(0x0000000044590000,0x0000000044690000)]
  0x000000001de3f000 JavaThread "Daemon worker Thread 11" [_thread_blocked, id=5604, stack(0x0000000042690000,0x0000000042790000)]
  0x000000001de3d800 JavaThread "Daemon Thread 11" [_thread_blocked, id=9092, stack(0x0000000042390000,0x0000000042490000)]
  0x0000000019587000 JavaThread "Cache worker for Java compile cache (C:\Users\shivam\.gradle\caches\4.10.1\javaCompile)" [_thread_blocked, id=3144, stack(0x000000002e290000,0x000000002e390000)]
  0x0000000019588800 JavaThread "Cache worker for file content cache (C:\Users\shivam\.gradle\caches\4.10.1\fileContent)" [_thread_blocked, id=9176, stack(0x0000000026a90000,0x0000000026b90000)]
  0x000000001958b800 JavaThread "Memory manager" [_thread_blocked, id=13848, stack(0x0000000022400000,0x0000000022500000)]
  0x000000001b117800 JavaThread "Cache worker for Artifact transforms cache (C:\Users\shivam\.gradle\caches\transforms-1)" [_thread_blocked, id=14328, stack(0x000000001f110000,0x000000001f210000)]
  0x000000001b119800 JavaThread "Cache worker for journal cache (C:\Users\shivam\.gradle\caches\journal-1)" [_thread_blocked, id=8928, stack(0x000000001e910000,0x000000001ea10000)]
  0x000000001b3cf800 JavaThread "File lock request listener" [_thread_in_native, id=5768, stack(0x000000001c2d0000,0x000000001c3d0000)]
  0x000000001b3cf000 JavaThread "Cache worker for file hash cache (C:\Users\shivam\.gradle\caches\4.10.1\fileHashes)" [_thread_blocked, id=10436, stack(0x000000001c1d0000,0x000000001c2d0000)]
  0x0000000018188800 JavaThread "Daemon periodic checks" [_thread_blocked, id=6160, stack(0x000000001a700000,0x000000001a800000)]
  0x000000001839b000 JavaThread "Incoming local TCP Connector on port 14186" [_thread_in_native, id=9572, stack(0x000000001a4c0000,0x000000001a5c0000)]
  0x00000000180cf000 JavaThread "Service Thread" daemon [_thread_blocked, id=6388, stack(0x00000000184b0000,0x00000000185b0000)]
  0x000000001678c800 JavaThread "C1 CompilerThread2" daemon [_thread_blocked, id=13740, stack(0x0000000017fb0000,0x00000000180b0000)]
=>0x000000001675d800 JavaThread "C2 CompilerThread1" daemon [_thread_in_native, id=5572, stack(0x0000000017eb0000,0x0000000017fb0000)]
  0x000000001675b000 JavaThread "C2 CompilerThread0" daemon [_thread_in_native, id=7464, stack(0x0000000017db0000,0x0000000017eb0000)]
  0x0000000016767800 JavaThread "Attach Listener" daemon [_thread_blocked, id=4732, stack(0x0000000017cb0000,0x0000000017db0000)]
  0x0000000016766000 JavaThread "Signal Dispatcher" daemon [_thread_blocked, id=8356, stack(0x0000000017bb0000,0x0000000017cb0000)]
  0x0000000002deb800 JavaThread "Finalizer" daemon [_thread_blocked, id=14028, stack(0x00000000179c0000,0x0000000017ac0000)]
  0x0000000002de1000 JavaThread "Reference Handler" daemon [_thread_blocked, id=3080, stack(0x00000000178c0000,0x00000000179c0000)]
  0x0000000002cee000 JavaThread "main" [_thread_blocked, id=12216, stack(0x0000000002b70000,0x0000000002c70000)]

Other Threads:
  0x0000000016727000 VMThread [stack: 0x00000000177c0000,0x00000000178c0000] [id=11692]
  0x00000000180d9000 WatcherThread [stack: 0x00000000185b0000,0x00000000186b0000] [id=2840]

VM state:not at safepoint (normal execution)

VM Mutex/Monitor currently owned by a thread: None

Heap:
 PSYoungGen      total 472064K, used 172977K [0x00000000e0000000, 0x00000000fff00000, 0x0000000100000000)
  eden space 420864K, 40% used [0x00000000e0000000,0x00000000ea6b0518,0x00000000f9b00000)
  from space 51200K, 4% used [0x00000000fcd00000,0x00000000fcf3c020,0x00000000fff00000)
  to   space 51200K, 0% used [0x00000000f9b00000,0x00000000f9b00000,0x00000000fcd00000)
 ParOldGen       total 257536K, used 96873K [0x00000000a0000000, 0x00000000afb80000, 0x00000000e0000000)
  object space 257536K, 37% used [0x00000000a0000000,0x00000000a5e9a658,0x00000000afb80000)
 Metaspace       used 132256K, capacity 140126K, committed 140416K, reserved 1171456K
  class space    used 16240K, capacity 17698K, committed 17792K, reserved 1048576K

Card table byte_map: [0x00000000121b0000,0x00000000124c0000] byte_map_base: 0x0000000011cb0000

Marking Bits: (ParMarkBitMap*) 0x0000000063b85aa0
 Begin Bits: [0x0000000012ac0000, 0x00000000142c0000)
 End Bits:   [0x00000000142c0000, 0x0000000015ac0000)

Polling page: 0x0000000000de0000

CodeCache: size=245760Kb used=98299Kb max_used=98299Kb free=147460Kb
 bounds [0x0000000002df0000, 0x0000000008e90000, 0x0000000011df0000]
 total_blobs=28320 nmethods=27400 adapters=830
 compilation: enabled

Compilation events (10 events):
Event: 2211.244 Thread 0x000000001678c800 35765       2       com.android.tools.r8.it.unimi.dsi.fastutil.ints.Int2ObjectAVLTreeMap$Entry::left (19 bytes)
Event: 2211.244 Thread 0x000000001678c800 nmethod 35765 0x0000000008e37d50 code [0x0000000008e37ea0, 0x0000000008e38010]
Event: 2211.244 Thread 0x000000001678c800 35766       2       com.android.tools.r8.ir.code.BasicBlock::createIfBlock (30 bytes)
Event: 2211.244 Thread 0x000000001678c800 nmethod 35766 0x0000000008e37810 code [0x0000000008e379a0, 0x0000000008e37bd8]
Event: 2211.261 Thread 0x000000001678c800 35767 %     3       com.android.tools.r8.ir.conversion.IRBuilder::insertDebugPositions @ 50 (247 bytes)
Event: 2211.264 Thread 0x000000001678c800 nmethod 35767% 0x0000000008e4ac50 code [0x0000000008e4afe0, 0x0000000008e4cf98]
Event: 2211.265 Thread 0x000000001678c800 35769       2       com.android.tools.r8.ir.conversion.DexBuilder::removeRedundantDebugPositions (823 bytes)
Event: 2211.273 Thread 0x000000001678c800 nmethod 35769 0x0000000008e70950 code [0x0000000008e70f60, 0x0000000008e73218]
Event: 2211.285 Thread 0x000000001678c800 35771       3       com.android.tools.r8.ir.conversion.IRBuilder::insertDebugPositions (247 bytes)
Event: 2211.288 Thread 0x000000001678c800 nmethod 35771 0x0000000008e61b10 code [0x0000000008e61ea0, 0x0000000008e63d08]

GC Heap History (10 events):
Event: 2197.612 GC heap before
{Heap before GC invocations=67 (full 5):
 PSYoungGen      total 467456K, used 446255K [0x00000000e0000000, 0x0000000100000000, 0x0000000100000000)
  eden space 414720K, 100% used [0x00000000e0000000,0x00000000f9500000,0x00000000f9500000)
  from space 52736K, 59% used [0x00000000f9500000,0x00000000fb3cbe48,0x00000000fc880000)
  to   space 52736K, 0% used [0x00000000fcc80000,0x00000000fcc80000,0x0000000100000000)
 ParOldGen       total 257536K, used 79721K [0x00000000a0000000, 0x00000000afb80000, 0x00000000e0000000)
  object space 257536K, 30% used [0x00000000a0000000,0x00000000a4dda558,0x00000000afb80000)
 Metaspace       used 132059K, capacity 139886K, committed 140160K, reserved 1171456K
  class space    used 16225K, capacity 17664K, committed 17792K, reserved 1048576K
Event: 2197.676 GC heap after
Heap after GC invocations=67 (full 5):
 PSYoungGen      total 470528K, used 31783K [0x00000000e0000000, 0x0000000100000000, 0x0000000100000000)
  eden space 417792K, 0% used [0x00000000e0000000,0x00000000e0000000,0x00000000f9800000)
  from space 52736K, 60% used [0x00000000fcc80000,0x00000000feb89f70,0x0000000100000000)
  to   space 53248K, 0% used [0x00000000f9800000,0x00000000f9800000,0x00000000fcc00000)
 ParOldGen       total 257536K, used 79721K [0x00000000a0000000, 0x00000000afb80000, 0x00000000e0000000)
  object space 257536K, 30% used [0x00000000a0000000,0x00000000a4dda558,0x00000000afb80000)
 Metaspace       used 132059K, capacity 139886K, committed 140160K, reserved 1171456K
  class space    used 16225K, capacity 17664K, committed 17792K, reserved 1048576K
}
Event: 2200.498 GC heap before
{Heap before GC invocations=68 (full 5):
 PSYoungGen      total 470528K, used 449575K [0x00000000e0000000, 0x0000000100000000, 0x0000000100000000)
  eden space 417792K, 100% used [0x00000000e0000000,0x00000000f9800000,0x00000000f9800000)
  from space 52736K, 60% used [0x00000000fcc80000,0x00000000feb89f70,0x0000000100000000)
  to   space 53248K, 0% used [0x00000000f9800000,0x00000000f9800000,0x00000000fcc00000)
 ParOldGen       total 257536K, used 79721K [0x00000000a0000000, 0x00000000afb80000, 0x00000000e0000000)
  object space 257536K, 30% used [0x00000000a0000000,0x00000000a4dda558,0x00000000afb80000)
 Metaspace       used 132172K, capacity 140056K, committed 140416K, reserved 1171456K
  class space    used 16239K, capacity 17697K, committed 17792K, reserved 1048576K
Event: 2200.629 GC heap after
Heap after GC invocations=68 (full 5):
 PSYoungGen      total 437760K, used 19728K [0x00000000e0000000, 0x00000000ffc80000, 0x0000000100000000)
  eden space 417792K, 0% used [0x00000000e0000000,0x00000000e0000000,0x00000000f9800000)
  from space 19968K, 98% used [0x00000000f9800000,0x00000000fab441c0,0x00000000fab80000)
  to   space 51200K, 0% used [0x00000000fca80000,0x00000000fca80000,0x00000000ffc80000)
 ParOldGen       total 257536K, used 88399K [0x00000000a0000000, 0x00000000afb80000, 0x00000000e0000000)
  object space 257536K, 34% used [0x00000000a0000000,0x00000000a5653fe8,0x00000000afb80000)
 Metaspace       used 132172K, capacity 140056K, committed 140416K, reserved 1171456K
  class space    used 16239K, capacity 17697K, committed 17792K, reserved 1048576K
}
Event: 2204.615 GC heap before
{Heap before GC invocations=69 (full 5):
 PSYoungGen      total 437760K, used 437520K [0x00000000e0000000, 0x00000000ffc80000, 0x0000000100000000)
  eden space 417792K, 100% used [0x00000000e0000000,0x00000000f9800000,0x00000000f9800000)
  from space 19968K, 98% used [0x00000000f9800000,0x00000000fab441c0,0x00000000fab80000)
  to   space 51200K, 0% used [0x00000000fca80000,0x00000000fca80000,0x00000000ffc80000)
 ParOldGen       total 257536K, used 88399K [0x00000000a0000000, 0x00000000afb80000, 0x00000000e0000000)
  object space 257536K, 34% used [0x00000000a0000000,0x00000000a5653fe8,0x00000000afb80000)
 Metaspace       used 132228K, capacity 140120K, committed 140416K, reserved 1171456K
  class space    used 16240K, capacity 17697K, committed 17792K, reserved 1048576K
Event: 2204.630 GC heap after
Heap after GC invocations=69 (full 5):
 PSYoungGen      total 468480K, used 1581K [0x00000000e0000000, 0x0000000100000000, 0x0000000100000000)
  eden space 417280K, 0% used [0x00000000e0000000,0x00000000e0000000,0x00000000f9780000)
  from space 51200K, 3% used [0x00000000fca80000,0x00000000fcc0b730,0x00000000ffc80000)
  to   space 52224K, 0% used [0x00000000f9780000,0x00000000f9780000,0x00000000fca80000)
 ParOldGen       total 257536K, used 90751K [0x00000000a0000000, 0x00000000afb80000, 0x00000000e0000000)
  object space 257536K, 35% used [0x00000000a0000000,0x00000000a589fff8,0x00000000afb80000)
 Metaspace       used 132228K, capacity 140120K, committed 140416K, reserved 1171456K
  class space    used 16240K, capacity 17697K, committed 17792K, reserved 1048576K
}
Event: 2207.018 GC heap before
{Heap before GC invocations=70 (full 5):
 PSYoungGen      total 468480K, used 418861K [0x00000000e0000000, 0x0000000100000000, 0x0000000100000000)
  eden space 417280K, 100% used [0x00000000e0000000,0x00000000f9780000,0x00000000f9780000)
  from space 51200K, 3% used [0x00000000fca80000,0x00000000fcc0b730,0x00000000ffc80000)
  to   space 52224K, 0% used [0x00000000f9780000,0x00000000f9780000,0x00000000fca80000)
 ParOldGen       total 257536K, used 90751K [0x00000000a0000000, 0x00000000afb80000, 0x00000000e0000000)
  object space 257536K, 35% used [0x00000000a0000000,0x00000000a589fff8,0x00000000afb80000)
 Metaspace       used 132236K, capacity 140124K, committed 140416K, reserved 1171456K
  class space    used 16240K, capacity 17697K, committed 17792K, reserved 1048576K
Event: 2207.038 GC heap after
Heap after GC invocations=70 (full 5):
 PSYoungGen      total 469504K, used 7386K [0x00000000e0000000, 0x00000000fff00000, 0x0000000100000000)
  eden space 417280K, 0% used [0x00000000e0000000,0x00000000e0000000,0x00000000f9780000)
  from space 52224K, 14% used [0x00000000f9780000,0x00000000f9eb6830,0x00000000fca80000)
  to   space 51200K, 0% used [0x00000000fcd00000,0x00000000fcd00000,0x00000000fff00000)
 ParOldGen       total 257536K, used 91111K [0x00000000a0000000, 0x00000000afb80000, 0x00000000e0000000)
  object space 257536K, 35% used [0x00000000a0000000,0x00000000a58f9ff8,0x00000000afb80000)
 Metaspace       used 132236K, capacity 140124K, committed 140416K, reserved 1171456K
  class space    used 16240K, capacity 17697K, committed 17792K, reserved 1048576K
}
Event: 2208.716 GC heap before
{Heap before GC invocations=71 (full 5):
 PSYoungGen      total 469504K, used 424666K [0x00000000e0000000, 0x00000000fff00000, 0x0000000100000000)
  eden space 417280K, 100% used [0x00000000e0000000,0x00000000f9780000,0x00000000f9780000)
  from space 52224K, 14% used [0x00000000f9780000,0x00000000f9eb6830,0x00000000fca80000)
  to   space 51200K, 0% used [0x00000000fcd00000,0x00000000fcd00000,0x00000000fff00000)
 ParOldGen       total 257536K, used 91111K [0x00000000a0000000, 0x00000000afb80000, 0x00000000e0000000)
  object space 257536K, 35% used [0x00000000a0000000,0x00000000a58f9ff8,0x00000000afb80000)
 Metaspace       used 132245K, capacity 140126K, committed 140416K, reserved 1171456K
  class space    used 16240K, capacity 17698K, committed 17792K, reserved 1048576K
Event: 2208.740 GC heap after
Heap after GC invocations=71 (full 5):
 PSYoungGen      total 472064K, used 2288K [0x00000000e0000000, 0x00000000fff00000, 0x0000000100000000)
  eden space 420864K, 0% used [0x00000000e0000000,0x00000000e0000000,0x00000000f9b00000)
  from space 51200K, 4% used [0x00000000fcd00000,0x00000000fcf3c020,0x00000000fff00000)
  to   space 51200K, 0% used [0x00000000f9b00000,0x00000000f9b00000,0x00000000fcd00000)
 ParOldGen       total 257536K, used 96873K [0x00000000a0000000, 0x00000000afb80000, 0x00000000e0000000)
  object space 257536K, 37% used [0x00000000a0000000,0x00000000a5e9a658,0x00000000afb80000)
 Metaspace       used 132245K, capacity 140126K, committed 140416K, reserved 1171456K
  class space    used 16240K, capacity 17698K, committed 17792K, reserved 1048576K
}

Deoptimization events (10 events):
Event: 2197.787 Thread 0x000000001bc98000 Uncommon trap: reason=class_check action=maybe_recompile pc=0x00000000080fd38c method=com.android.tools.r8.ir.optimize.CodeRewriter.allowNewFilledArrayConstruction(Lcom/android/tools/r8/ir/code/Instruction;)Z @ 18
Event: 2197.787 Thread 0x000000001bc98000 Uncommon trap: reason=class_check action=maybe_recompile pc=0x00000000080fd38c method=com.android.tools.r8.ir.optimize.CodeRewriter.allowNewFilledArrayConstruction(Lcom/android/tools/r8/ir/code/Instruction;)Z @ 18
Event: 2197.787 Thread 0x000000001bc98000 Uncommon trap: reason=class_check action=maybe_recompile pc=0x00000000080fd38c method=com.android.tools.r8.ir.optimize.CodeRewriter.allowNewFilledArrayConstruction(Lcom/android/tools/r8/ir/code/Instruction;)Z @ 18
Event: 2197.998 Thread 0x000000001bc98000 Uncommon trap: reason=unstable_if action=reinterpret pc=0x0000000008b67f70 method=com.android.tools.r8.ir.optimize.CodeRewriter.shortenLiveRangesInsideBlock(Lcom/android/tools/r8/ir/code/BasicBlock;Lcom/android/tools/r8/com/google/common/base/Supplier;Lja
Event: 2200.231 Thread 0x000000001de48000 Uncommon trap: reason=unstable_if action=reinterpret pc=0x0000000008c4bcdc method=com.android.tools.r8.ir.optimize.PeepholeOptimizer.shareIdenticalBlockSuffix(Lcom/android/tools/r8/ir/code/IRCode;Lcom/android/tools/r8/ir/regalloc/RegisterAllocator;)V @ 53
Event: 2201.815 Thread 0x000000001bc98000 Uncommon trap: reason=unstable_if action=reinterpret pc=0x0000000007fcca8c method=com.android.tools.r8.graph.DexString.slowCompareTo(Lcom/android/tools/r8/graph/DexString;)I @ 54
Event: 2205.637 Thread 0x000000001de49800 Uncommon trap: reason=unstable_if action=reinterpret pc=0x0000000008bb2f28 method=com.android.tools.r8.ir.regalloc.LinearScanRegisterAllocator.overlapsMoveExceptionInterval(Lcom/android/tools/r8/ir/regalloc/LiveIntervals;)Z @ 21
Event: 2208.572 Thread 0x000000001de49800 Uncommon trap: reason=unstable_if action=reinterpret pc=0x0000000008d126d4 method=com.android.tools.r8.ir.analysis.constant.SparseConditionalConstantPropagation.rewriteCode()V @ 57
Event: 2211.257 Thread 0x000000001de48000 Uncommon trap: reason=unstable_if action=reinterpret pc=0x00000000082cf4cc method=com.android.tools.r8.ir.conversion.IRBuilder.insertDebugPositions()Z @ 111
Event: 2211.260 Thread 0x000000001de48000 Uncommon trap: reason=unstable_if action=reinterpret pc=0x0000000008cedfc8 method=com.android.tools.r8.ir.conversion.DexBuilder.removeRedundantDebugPositions(Lcom/android/tools/r8/ir/code/IRCode;)V @ 566

Classes redefined (0 events):
No events

Internal exceptions (10 events):
Event: 2209.156 Thread 0x000000001de49800 Exception <a 'sun/nio/fs/WindowsException'> (0x00000000e4302250) thrown at [D:\src\AOSP-openjdk-cygwin\jdk8u\hotspot\src\share\vm\prims\jni.cpp, line 709]
Event: 2209.201 Thread 0x000000001de49800 Exception <a 'sun/nio/fs/WindowsException'> (0x00000000e4362660) thrown at [D:\src\AOSP-openjdk-cygwin\jdk8u\hotspot\src\share\vm\prims\jni.cpp, line 709]
Event: 2209.270 Thread 0x000000001de49800 Exception <a 'sun/nio/fs/WindowsException'> (0x00000000e52b1ef0) thrown at [D:\src\AOSP-openjdk-cygwin\jdk8u\hotspot\src\share\vm\prims\jni.cpp, line 709]
Event: 2209.498 Thread 0x000000001de49800 Exception <a 'sun/nio/fs/WindowsException'> (0x00000000e52ebc70) thrown at [D:\src\AOSP-openjdk-cygwin\jdk8u\hotspot\src\share\vm\prims\jni.cpp, line 709]
Event: 2209.718 Thread 0x000000001de49800 Exception <a 'sun/nio/fs/WindowsException'> (0x00000000e6b785c8) thrown at [D:\src\AOSP-openjdk-cygwin\jdk8u\hotspot\src\share\vm\prims\jni.cpp, line 709]
Event: 2210.204 Thread 0x000000001de48800 Exception <a 'sun/nio/fs/WindowsException'> (0x00000000e7c254c8) thrown at [D:\src\AOSP-openjdk-cygwin\jdk8u\hotspot\src\share\vm\prims\jni.cpp, line 709]
Event: 2210.398 Thread 0x000000001de49800 Exception <a 'sun/nio/fs/WindowsException'> (0x00000000e6b9e458) thrown at [D:\src\AOSP-openjdk-cygwin\jdk8u\hotspot\src\share\vm\prims\jni.cpp, line 709]
Event: 2210.403 Thread 0x000000001de49800 Exception <a 'sun/nio/fs/WindowsException'> (0x00000000e6c2a098) thrown at [D:\src\AOSP-openjdk-cygwin\jdk8u\hotspot\src\share\vm\prims\jni.cpp, line 709]
Event: 2210.874 Thread 0x000000001bc98000 Exception <a 'sun/nio/fs/WindowsException'> (0x00000000e82438a8) thrown at [D:\src\AOSP-openjdk-cygwin\jdk8u\hotspot\src\share\vm\prims\jni.cpp, line 709]
Event: 2211.252 Thread 0x000000001de48000 Exception <a 'sun/nio/fs/WindowsException'> (0x00000000e7c9c7c0) thrown at [D:\src\AOSP-openjdk-cygwin\jdk8u\hotspot\src\share\vm\prims\jni.cpp, line 709]

Events (10 events):
Event: 2209.998 Thread 0x000000001de48800 DEOPT PACKING pc=0x0000000008992a6c sp=0x0000000044e8d3f0
Event: 2209.998 Thread 0x000000001de48800 DEOPT UNPACKING pc=0x0000000002e375d0 sp=0x0000000044e8d140 mode 0
Event: 2211.230 Thread 0x000000001bc98000 DEOPT PACKING pc=0x00000000086d55ed sp=0x000000004528b480
Event: 2211.230 Thread 0x000000001bc98000 DEOPT UNPACKING pc=0x0000000002e375d0 sp=0x000000004528b260 mode 0
Event: 2211.257 Thread 0x000000001de48000 Uncommon trap: trap_request=0xffffff65 fr.pc=0x00000000082cf4cc
Event: 2211.257 Thread 0x000000001de48000 DEOPT PACKING pc=0x00000000082cf4cc sp=0x0000000044d8d060
Event: 2211.257 Thread 0x000000001de48000 DEOPT UNPACKING pc=0x0000000002e3557b sp=0x0000000044d8d050 mode 2
Event: 2211.260 Thread 0x000000001de48000 Uncommon trap: trap_request=0xffffff65 fr.pc=0x0000000008cedfc8
Event: 2211.260 Thread 0x000000001de48000 DEOPT PACKING pc=0x0000000008cedfc8 sp=0x0000000044d8d050
Event: 2211.260 Thread 0x000000001de48000 DEOPT UNPACKING pc=0x0000000002e3557b sp=0x0000000044d8d090 mode 2


Dynamic libraries:
0x00007ff73f4b0000 - 0x00007ff73f4e1000 	C:\Program Files\Android\Android Studio\jre\bin\java.exe
0x00007fffb9e00000 - 0x00007fffb9fe1000 	C:\WINDOWS\SYSTEM32\ntdll.dll
0x00007fffb9830000 - 0x00007fffb98e1000 	C:\WINDOWS\System32\KERNEL32.DLL
0x00007fffb62d0000 - 0x00007fffb6543000 	C:\WINDOWS\System32\KERNELBASE.dll
0x00007fffb7c50000 - 0x00007fffb7cf1000 	C:\WINDOWS\System32\ADVAPI32.dll
0x00007fffb7bb0000 - 0x00007fffb7c4e000 	C:\WINDOWS\System32\msvcrt.dll
0x00007fffb98f0000 - 0x00007fffb994b000 	C:\WINDOWS\System32\sechost.dll
0x00007fffb7290000 - 0x00007fffb73b4000 	C:\WINDOWS\System32\RPCRT4.dll
0x00007fffb9510000 - 0x00007fffb96a0000 	C:\WINDOWS\System32\USER32.dll
0x00007fffb6850000 - 0x00007fffb6870000 	C:\WINDOWS\System32\win32u.dll
0x00007fffb99d0000 - 0x00007fffb99f8000 	C:\WINDOWS\System32\GDI32.dll
0x00007fffb7070000 - 0x00007fffb7202000 	C:\WINDOWS\System32\gdi32full.dll
0x00007fffb6fd0000 - 0x00007fffb706f000 	C:\WINDOWS\System32\msvcp_win.dll
0x00007fffb61d0000 - 0x00007fffb62c8000 	C:\WINDOWS\System32\ucrtbase.dll
0x00007fffa84f0000 - 0x00007fffa8759000 	C:\WINDOWS\WinSxS\amd64_microsoft.windows.common-controls_6595b64144ccf1df_6.0.17134.706_none_fb43a2cb30647007\COMCTL32.dll
0x00007fffb9aa0000 - 0x00007fffb9dc2000 	C:\WINDOWS\System32\combase.dll
0x00007fffb7210000 - 0x00007fffb728a000 	C:\WINDOWS\System32\bcryptPrimitives.dll
0x00007fffb7480000 - 0x00007fffb74ad000 	C:\WINDOWS\System32\IMM32.DLL
0x00000000646c0000 - 0x0000000064792000 	C:\Program Files\Android\Android Studio\jre\jre\bin\msvcr100.dll
0x00000000633c0000 - 0x0000000063c01000 	C:\Program Files\Android\Android Studio\jre\jre\bin\server\jvm.dll
0x00007fffb7650000 - 0x00007fffb7658000 	C:\WINDOWS\System32\PSAPI.DLL
0x00007fffa5890000 - 0x00007fffa5899000 	C:\WINDOWS\SYSTEM32\WSOCK32.dll
0x00007fffb7d20000 - 0x00007fffb7d8c000 	C:\WINDOWS\System32\WS2_32.dll
0x00007fffb3f40000 - 0x00007fffb3f63000 	C:\WINDOWS\SYSTEM32\WINMM.dll
0x00007fffab950000 - 0x00007fffab95a000 	C:\WINDOWS\SYSTEM32\VERSION.dll
0x00007fffb3f10000 - 0x00007fffb3f3a000 	C:\WINDOWS\SYSTEM32\WINMMBASE.dll
0x00007fffb6f80000 - 0x00007fffb6fc9000 	C:\WINDOWS\System32\cfgmgr32.dll
0x00007fffac8a0000 - 0x00007fffac8af000 	C:\Program Files\Android\Android Studio\jre\jre\bin\verify.dll
0x00007fff9da80000 - 0x00007fff9daa9000 	C:\Program Files\Android\Android Studio\jre\jre\bin\java.dll
0x00007fffa1960000 - 0x00007fffa1976000 	C:\Program Files\Android\Android Studio\jre\jre\bin\zip.dll
0x00007fffb80d0000 - 0x00007fffb9510000 	C:\WINDOWS\System32\SHELL32.dll
0x00007fffb73c0000 - 0x00007fffb7469000 	C:\WINDOWS\System32\shcore.dll
0x00007fffb6870000 - 0x00007fffb6f7d000 	C:\WINDOWS\System32\windows.storage.dll
0x00007fffb7f10000 - 0x00007fffb7f61000 	C:\WINDOWS\System32\shlwapi.dll
0x00007fffb6110000 - 0x00007fffb6121000 	C:\WINDOWS\System32\kernel.appcore.dll
0x00007fffb61b0000 - 0x00007fffb61cf000 	C:\WINDOWS\System32\profapi.dll
0x00007fffb6160000 - 0x00007fffb61ac000 	C:\WINDOWS\System32\powrprof.dll
0x00007fffb6130000 - 0x00007fffb613a000 	C:\WINDOWS\System32\FLTLIB.DLL
0x00007fff9cda0000 - 0x00007fff9cdba000 	C:\Program Files\Android\Android Studio\jre\jre\bin\net.dll
0x00007fffb5990000 - 0x00007fffb59f6000 	C:\WINDOWS\system32\mswsock.dll
0x00007fff99ca0000 - 0x00007fff99cb1000 	C:\Program Files\Android\Android Studio\jre\jre\bin\nio.dll
0x00007fff9e100000 - 0x00007fff9e11e000 	C:\Users\shivam\.gradle\native\25\windows-amd64\native-platform.dll
0x00007fffac830000 - 0x00007fffac83d000 	C:\Program Files\Android\Android Studio\jre\jre\bin\management.dll
0x00007fffb5b50000 - 0x00007fffb5b67000 	C:\WINDOWS\SYSTEM32\CRYPTSP.dll
0x00007fffb5570000 - 0x00007fffb55a3000 	C:\WINDOWS\system32\rsaenh.dll
0x00007fffb5c70000 - 0x00007fffb5c95000 	C:\WINDOWS\SYSTEM32\bcrypt.dll
0x00007fffb6010000 - 0x00007fffb6038000 	C:\WINDOWS\SYSTEM32\USERENV.dll
0x00007fffb5b40000 - 0x00007fffb5b4b000 	C:\WINDOWS\SYSTEM32\CRYPTBASE.dll
0x00007fffb5710000 - 0x00007fffb5748000 	C:\WINDOWS\SYSTEM32\IPHLPAPI.DLL
0x00007fffb7470000 - 0x00007fffb7478000 	C:\WINDOWS\System32\NSI.dll
0x00007fffadd30000 - 0x00007fffadd46000 	C:\WINDOWS\SYSTEM32\dhcpcsvc6.DLL
0x00007fffadd70000 - 0x00007fffadd8a000 	C:\WINDOWS\SYSTEM32\dhcpcsvc.DLL
0x00007fff92cb0000 - 0x00007fff92cd4000 	C:\Program Files\Android\Android Studio\jre\jre\bin\sunec.dll
0x00007fffb5760000 - 0x00007fffb581e000 	C:\WINDOWS\SYSTEM32\DNSAPI.dll
0x00007fffa87c0000 - 0x00007fffa87ca000 	C:\Windows\System32\rasadhlp.dll
0x00007fffabb40000 - 0x00007fffabbb2000 	C:\WINDOWS\System32\fwpuclnt.dll
0x00007fffaa460000 - 0x00007fffaa46b000 	C:\Program Files\Android\Android Studio\jre\jre\bin\sunmscapi.dll
0x00007fffb6550000 - 0x00007fffb6732000 	C:\WINDOWS\System32\CRYPT32.dll
0x00007fffb6140000 - 0x00007fffb6152000 	C:\WINDOWS\System32\MSASN1.dll
0x00007fffb3f80000 - 0x00007fffb400b000 	C:\WINDOWS\system32\apphelp.dll

VM Arguments:
jvm_args: -Xmx1536m -Dfile.encoding=windows-1252 -Duser.country=IN -Duser.language=en -Duser.variant 
java_command: org.gradle.launcher.daemon.bootstrap.GradleDaemon 4.10.1
java_class_path (initial): C:\Users\shivam\.gradle\wrapper\dists\gradle-4.10.1-all\455itskqi2qtf0v2sja68alqd\gradle-4.10.1\lib\gradle-launcher-4.10.1.jar
Launcher Type: SUN_STANDARD

Environment Variables:
JAVA_HOME=C:\Program Files\Java\jdk1.8.0_144
PATH=C:\Program Files (x86)\Common Files\Oracle\Java\javapath;C:\Program Files\Java\jdk1.8.0_144\bin;"C:\WINDOWS\System32\WindowsPowerShell\v1.0\;C:\Program Files\Java\jdk1.8.0_144\bin;C:\Program Files\Java\jre1.8.0_144\bin";C:\ProgramData\Oracle\Java\javapath;C:\WINDOWS\system32;C:\WINDOWS;C:\WINDOWS\System32\Wbem;C:\Users\shivam\AppData\Local\Programs\Python\Python36-32;C:\WINDOWS\System32\WindowsPowerShell\v1.0\;C:\Program Files\Microsoft SQL Server\120\Tools\Binn\;C:\WINDOWS\System32\OpenSSH\;C:\Program Files\nodejs\;C:\Program Files\Dart\dart-sdk\bin;C:\Program Files\Git\cmd;C:\WINDOWS\system32\config\systemprofile\.dnx\bin;C:\Program Files\Microsoft DNX\Dnvm\;C:\Users\shivam\AppData\Local\Microsoft\WindowsApps;C:\Users\shivam\AppData\Local\GitHubDesktop\bin;C:\Users\shivam\AppData\Local\Microsoft\WindowsApps;C:\Users\shivam\AppData\Roaming\npm;C:\flutter\flutter\bin;C:\Users\shivam\AppData\Local\Programs\Microsoft VS Code\bin;C:\Users\shivam\AppData\Local\atom\bin
USERNAME=shivam
OS=Windows_NT
PROCESSOR_IDENTIFIER=Intel64 Family 6 Model 78 Stepping 3, GenuineIntel



---------------  S Y S T E M  ---------------

OS: Windows 10.0 , 64 bit Build 17134 (10.0.17134.706)

CPU:total 4 (initial active 4) (2 cores per cpu, 2 threads per core) family 6 model 78 stepping 3, cmov, cx8, fxsr, mmx, sse, sse2, sse3, ssse3, sse4.1, sse4.2, popcnt, avx, avx2, aes, clmul, erms, 3dnowpref, lzcnt, ht, tsc, tscinvbit, bmi1, bmi2, adx

Memory: 4k page, physical 8276908k(447452k free), swap 10228652k(2356k free)

vm_info: OpenJDK 64-Bit Server VM (25.152-b01) for windows-amd64 JRE (1.8.0_152-release-1248-b01), built by "builder" with MS VC++ 10.0 (VS2010)

time: Sun Apr 14 16:31:23 2019
elapsed time: 2211 seconds (0d 0h 36m 51s)

